DEBUG - 2025-03-08 11:51:55 --> Session: Class initialized using 'CodeIgniter\Session\Handlers\FileHandler' driver.
DEBUG - 2025-03-08 11:53:01 --> Session: Class initialized using 'CodeIgniter\Session\Handlers\FileHandler' driver.
DEBUG - 2025-03-08 11:53:51 --> Session: Class initialized using 'CodeIgniter\Session\Handlers\FileHandler' driver.
DEBUG - 2025-03-08 11:53:52 --> Session: Class initialized using 'CodeIgniter\Session\Handlers\FileHandler' driver.
DEBUG - 2025-03-08 11:54:16 --> Session: Class initialized using 'CodeIgniter\Session\Handlers\FileHandler' driver.
INFO - 2025-03-08 11:54:16 --> CSRF token verified.
DEBUG - 2025-03-08 11:54:16 --> Session: Class initialized using 'CodeIgniter\Session\Handlers\FileHandler' driver.
DEBUG - 2025-03-08 11:54:16 --> Session: Class initialized using 'CodeIgniter\Session\Handlers\FileHandler' driver.
DEBUG - 2025-03-08 11:54:28 --> Session: Class initialized using 'CodeIgniter\Session\Handlers\FileHandler' driver.
DEBUG - 2025-03-08 11:54:28 --> Session: Class initialized using 'CodeIgniter\Session\Handlers\FileHandler' driver.
DEBUG - 2025-03-08 11:54:28 --> Session: Class initialized using 'CodeIgniter\Session\Handlers\FileHandler' driver.
DEBUG - 2025-03-08 11:56:56 --> Session: Class initialized using 'CodeIgniter\Session\Handlers\FileHandler' driver.
CRITICAL - 2025-03-08 11:56:56 --> CodeIgniter\Router\Exceptions\RouterException: The route for "google-login" cannot be found.
[Method: GET, Route: login]
in SYSTEMPATH\Helpers\url_helper.php on line 512.
 1 SYSTEMPATH\Helpers\url_helper.php(512): CodeIgniter\Router\Exceptions\RouterException::forInvalidRoute('google-login')
 2 VENDORPATH\codeigniter4\shield\src\Views\login.php(76): url_to('google-login')
 3 SYSTEMPATH\View\View.php(224): include('D:\\www\\codeigniter46\\vendor\\codeigniter4\\shield\\src\\Views\\login.php')
 4 SYSTEMPATH\View\View.php(227): CodeIgniter\View\View->CodeIgniter\View\{closure}()
 5 SYSTEMPATH\Common.php(1173): CodeIgniter\View\View->render('\\CodeIgniter\\Shield\\Views\\login', [], true)
 6 VENDORPATH\codeigniter4\shield\src\Traits\Viewable.php(25): view('\\CodeIgniter\\Shield\\Views\\login', [], [])
 7 VENDORPATH\codeigniter4\shield\src\Controllers\LoginController.php(45): CodeIgniter\Shield\Controllers\LoginController->view('\\CodeIgniter\\Shield\\Views\\login')
 8 SYSTEMPATH\CodeIgniter.php(933): CodeIgniter\Shield\Controllers\LoginController->loginView()
 9 SYSTEMPATH\CodeIgniter.php(507): CodeIgniter\CodeIgniter->runController(Object(CodeIgniter\Shield\Controllers\LoginController))
10 SYSTEMPATH\CodeIgniter.php(354): CodeIgniter\CodeIgniter->handleRequest(null, Object(Config\Cache), false)
11 SYSTEMPATH\Boot.php(334): CodeIgniter\CodeIgniter->run()
12 SYSTEMPATH\Boot.php(67): CodeIgniter\Boot::runCodeIgniter(Object(CodeIgniter\CodeIgniter))
13 FCPATH\index.php(56): CodeIgniter\Boot::bootWeb(Object(Config\Paths))
DEBUG - 2025-03-08 11:57:01 --> Session: Class initialized using 'CodeIgniter\Session\Handlers\FileHandler' driver.
CRITICAL - 2025-03-08 11:57:01 --> CodeIgniter\Router\Exceptions\RouterException: The route for "google-login" cannot be found.
[Method: GET, Route: login]
in SYSTEMPATH\Helpers\url_helper.php on line 512.
 1 SYSTEMPATH\Helpers\url_helper.php(512): CodeIgniter\Router\Exceptions\RouterException::forInvalidRoute('google-login')
 2 VENDORPATH\codeigniter4\shield\src\Views\login.php(76): url_to('google-login')
 3 SYSTEMPATH\View\View.php(224): include('D:\\www\\codeigniter46\\vendor\\codeigniter4\\shield\\src\\Views\\login.php')
 4 SYSTEMPATH\View\View.php(227): CodeIgniter\View\View->CodeIgniter\View\{closure}()
 5 SYSTEMPATH\Common.php(1173): CodeIgniter\View\View->render('\\CodeIgniter\\Shield\\Views\\login', [], true)
 6 VENDORPATH\codeigniter4\shield\src\Traits\Viewable.php(25): view('\\CodeIgniter\\Shield\\Views\\login', [], [])
 7 VENDORPATH\codeigniter4\shield\src\Controllers\LoginController.php(45): CodeIgniter\Shield\Controllers\LoginController->view('\\CodeIgniter\\Shield\\Views\\login')
 8 SYSTEMPATH\CodeIgniter.php(933): CodeIgniter\Shield\Controllers\LoginController->loginView()
 9 SYSTEMPATH\CodeIgniter.php(507): CodeIgniter\CodeIgniter->runController(Object(CodeIgniter\Shield\Controllers\LoginController))
10 SYSTEMPATH\CodeIgniter.php(354): CodeIgniter\CodeIgniter->handleRequest(null, Object(Config\Cache), false)
11 SYSTEMPATH\Boot.php(334): CodeIgniter\CodeIgniter->run()
12 SYSTEMPATH\Boot.php(67): CodeIgniter\Boot::runCodeIgniter(Object(CodeIgniter\CodeIgniter))
13 FCPATH\index.php(56): CodeIgniter\Boot::bootWeb(Object(Config\Paths))
DEBUG - 2025-03-08 13:03:25 --> Session: Class initialized using 'CodeIgniter\Session\Handlers\FileHandler' driver.
CRITICAL - 2025-03-08 13:03:25 --> CodeIgniter\Router\Exceptions\RouterException: The route for "google-login" cannot be found.
[Method: GET, Route: login]
in SYSTEMPATH\Helpers\url_helper.php on line 512.
 1 SYSTEMPATH\Helpers\url_helper.php(512): CodeIgniter\Router\Exceptions\RouterException::forInvalidRoute('google-login')
 2 VENDORPATH\codeigniter4\shield\src\Views\login.php(76): url_to('google-login')
 3 SYSTEMPATH\View\View.php(224): include('D:\\www\\codeigniter46\\vendor\\codeigniter4\\shield\\src\\Views\\login.php')
 4 SYSTEMPATH\View\View.php(227): CodeIgniter\View\View->CodeIgniter\View\{closure}()
 5 SYSTEMPATH\Common.php(1173): CodeIgniter\View\View->render('\\CodeIgniter\\Shield\\Views\\login', [], true)
 6 VENDORPATH\codeigniter4\shield\src\Traits\Viewable.php(25): view('\\CodeIgniter\\Shield\\Views\\login', [], [])
 7 VENDORPATH\codeigniter4\shield\src\Controllers\LoginController.php(45): CodeIgniter\Shield\Controllers\LoginController->view('\\CodeIgniter\\Shield\\Views\\login')
 8 SYSTEMPATH\CodeIgniter.php(933): CodeIgniter\Shield\Controllers\LoginController->loginView()
 9 SYSTEMPATH\CodeIgniter.php(507): CodeIgniter\CodeIgniter->runController(Object(CodeIgniter\Shield\Controllers\LoginController))
10 SYSTEMPATH\CodeIgniter.php(354): CodeIgniter\CodeIgniter->handleRequest(null, Object(Config\Cache), false)
11 SYSTEMPATH\Boot.php(334): CodeIgniter\CodeIgniter->run()
12 SYSTEMPATH\Boot.php(67): CodeIgniter\Boot::runCodeIgniter(Object(CodeIgniter\CodeIgniter))
13 FCPATH\index.php(56): CodeIgniter\Boot::bootWeb(Object(Config\Paths))
DEBUG - 2025-03-08 13:03:27 --> Session: Class initialized using 'CodeIgniter\Session\Handlers\FileHandler' driver.
DEBUG - 2025-03-08 13:03:27 --> Session: Class initialized using 'CodeIgniter\Session\Handlers\FileHandler' driver.
CRITICAL - 2025-03-08 13:03:27 --> CodeIgniter\Router\Exceptions\RouterException: The route for "google-login" cannot be found.
[Method: GET, Route: login]
in SYSTEMPATH\Helpers\url_helper.php on line 512.
 1 SYSTEMPATH\Helpers\url_helper.php(512): CodeIgniter\Router\Exceptions\RouterException::forInvalidRoute('google-login')
 2 VENDORPATH\codeigniter4\shield\src\Views\login.php(76): url_to('google-login')
 3 SYSTEMPATH\View\View.php(224): include('D:\\www\\codeigniter46\\vendor\\codeigniter4\\shield\\src\\Views\\login.php')
 4 SYSTEMPATH\View\View.php(227): CodeIgniter\View\View->CodeIgniter\View\{closure}()
 5 SYSTEMPATH\Common.php(1173): CodeIgniter\View\View->render('\\CodeIgniter\\Shield\\Views\\login', [], true)
 6 VENDORPATH\codeigniter4\shield\src\Traits\Viewable.php(25): view('\\CodeIgniter\\Shield\\Views\\login', [], [])
 7 VENDORPATH\codeigniter4\shield\src\Controllers\LoginController.php(45): CodeIgniter\Shield\Controllers\LoginController->view('\\CodeIgniter\\Shield\\Views\\login')
 8 SYSTEMPATH\CodeIgniter.php(933): CodeIgniter\Shield\Controllers\LoginController->loginView()
 9 SYSTEMPATH\CodeIgniter.php(507): CodeIgniter\CodeIgniter->runController(Object(CodeIgniter\Shield\Controllers\LoginController))
10 SYSTEMPATH\CodeIgniter.php(354): CodeIgniter\CodeIgniter->handleRequest(null, Object(Config\Cache), false)
11 SYSTEMPATH\Boot.php(334): CodeIgniter\CodeIgniter->run()
12 SYSTEMPATH\Boot.php(67): CodeIgniter\Boot::runCodeIgniter(Object(CodeIgniter\CodeIgniter))
13 FCPATH\index.php(56): CodeIgniter\Boot::bootWeb(Object(Config\Paths))
DEBUG - 2025-03-08 13:03:29 --> Session: Class initialized using 'CodeIgniter\Session\Handlers\FileHandler' driver.
CRITICAL - 2025-03-08 13:03:29 --> CodeIgniter\Router\Exceptions\RouterException: The route for "google-login" cannot be found.
[Method: GET, Route: login]
in SYSTEMPATH\Helpers\url_helper.php on line 512.
 1 SYSTEMPATH\Helpers\url_helper.php(512): CodeIgniter\Router\Exceptions\RouterException::forInvalidRoute('google-login')
 2 VENDORPATH\codeigniter4\shield\src\Views\login.php(76): url_to('google-login')
 3 SYSTEMPATH\View\View.php(224): include('D:\\www\\codeigniter46\\vendor\\codeigniter4\\shield\\src\\Views\\login.php')
 4 SYSTEMPATH\View\View.php(227): CodeIgniter\View\View->CodeIgniter\View\{closure}()
 5 SYSTEMPATH\Common.php(1173): CodeIgniter\View\View->render('\\CodeIgniter\\Shield\\Views\\login', [], true)
 6 VENDORPATH\codeigniter4\shield\src\Traits\Viewable.php(25): view('\\CodeIgniter\\Shield\\Views\\login', [], [])
 7 VENDORPATH\codeigniter4\shield\src\Controllers\LoginController.php(45): CodeIgniter\Shield\Controllers\LoginController->view('\\CodeIgniter\\Shield\\Views\\login')
 8 SYSTEMPATH\CodeIgniter.php(933): CodeIgniter\Shield\Controllers\LoginController->loginView()
 9 SYSTEMPATH\CodeIgniter.php(507): CodeIgniter\CodeIgniter->runController(Object(CodeIgniter\Shield\Controllers\LoginController))
10 SYSTEMPATH\CodeIgniter.php(354): CodeIgniter\CodeIgniter->handleRequest(null, Object(Config\Cache), false)
11 SYSTEMPATH\Boot.php(334): CodeIgniter\CodeIgniter->run()
12 SYSTEMPATH\Boot.php(67): CodeIgniter\Boot::runCodeIgniter(Object(CodeIgniter\CodeIgniter))
13 FCPATH\index.php(56): CodeIgniter\Boot::bootWeb(Object(Config\Paths))
DEBUG - 2025-03-08 13:03:31 --> Session: Class initialized using 'CodeIgniter\Session\Handlers\FileHandler' driver.
CRITICAL - 2025-03-08 13:03:31 --> CodeIgniter\Router\Exceptions\RouterException: The route for "google-login" cannot be found.
[Method: GET, Route: login]
in SYSTEMPATH\Helpers\url_helper.php on line 512.
 1 SYSTEMPATH\Helpers\url_helper.php(512): CodeIgniter\Router\Exceptions\RouterException::forInvalidRoute('google-login')
 2 VENDORPATH\codeigniter4\shield\src\Views\login.php(76): url_to('google-login')
 3 SYSTEMPATH\View\View.php(224): include('D:\\www\\codeigniter46\\vendor\\codeigniter4\\shield\\src\\Views\\login.php')
 4 SYSTEMPATH\View\View.php(227): CodeIgniter\View\View->CodeIgniter\View\{closure}()
 5 SYSTEMPATH\Common.php(1173): CodeIgniter\View\View->render('\\CodeIgniter\\Shield\\Views\\login', [], true)
 6 VENDORPATH\codeigniter4\shield\src\Traits\Viewable.php(25): view('\\CodeIgniter\\Shield\\Views\\login', [], [])
 7 VENDORPATH\codeigniter4\shield\src\Controllers\LoginController.php(45): CodeIgniter\Shield\Controllers\LoginController->view('\\CodeIgniter\\Shield\\Views\\login')
 8 SYSTEMPATH\CodeIgniter.php(933): CodeIgniter\Shield\Controllers\LoginController->loginView()
 9 SYSTEMPATH\CodeIgniter.php(507): CodeIgniter\CodeIgniter->runController(Object(CodeIgniter\Shield\Controllers\LoginController))
10 SYSTEMPATH\CodeIgniter.php(354): CodeIgniter\CodeIgniter->handleRequest(null, Object(Config\Cache), false)
11 SYSTEMPATH\Boot.php(334): CodeIgniter\CodeIgniter->run()
12 SYSTEMPATH\Boot.php(67): CodeIgniter\Boot::runCodeIgniter(Object(CodeIgniter\CodeIgniter))
13 FCPATH\index.php(56): CodeIgniter\Boot::bootWeb(Object(Config\Paths))
DEBUG - 2025-03-08 13:06:17 --> Session: Class initialized using 'CodeIgniter\Session\Handlers\FileHandler' driver.
DEBUG - 2025-03-08 13:06:17 --> Session: Class initialized using 'CodeIgniter\Session\Handlers\FileHandler' driver.
DEBUG - 2025-03-08 13:06:20 --> Session: Class initialized using 'CodeIgniter\Session\Handlers\FileHandler' driver.
DEBUG - 2025-03-08 13:06:20 --> Session: Class initialized using 'CodeIgniter\Session\Handlers\FileHandler' driver.
DEBUG - 2025-03-08 13:06:20 --> Session: Class initialized using 'CodeIgniter\Session\Handlers\FileHandler' driver.
DEBUG - 2025-03-08 13:09:08 --> Session: Class initialized using 'CodeIgniter\Session\Handlers\FileHandler' driver.
DEBUG - 2025-03-08 13:09:09 --> Session: Class initialized using 'CodeIgniter\Session\Handlers\FileHandler' driver.
DEBUG - 2025-03-08 13:09:19 --> Session: Class initialized using 'CodeIgniter\Session\Handlers\FileHandler' driver.
DEBUG - 2025-03-08 13:09:19 --> Session: Class initialized using 'CodeIgniter\Session\Handlers\FileHandler' driver.
DEBUG - 2025-03-08 13:09:20 --> Session: Class initialized using 'CodeIgniter\Session\Handlers\FileHandler' driver.
DEBUG - 2025-03-08 13:11:17 --> Session: Class initialized using 'CodeIgniter\Session\Handlers\FileHandler' driver.
DEBUG - 2025-03-08 13:11:17 --> Session: Class initialized using 'CodeIgniter\Session\Handlers\FileHandler' driver.
DEBUG - 2025-03-08 13:11:19 --> Session: Class initialized using 'CodeIgniter\Session\Handlers\FileHandler' driver.
DEBUG - 2025-03-08 13:11:47 --> Session: Class initialized using 'CodeIgniter\Session\Handlers\FileHandler' driver.
DEBUG - 2025-03-08 13:11:47 --> Session: Class initialized using 'CodeIgniter\Session\Handlers\FileHandler' driver.
DEBUG - 2025-03-08 13:12:48 --> Session: Class initialized using 'CodeIgniter\Session\Handlers\FileHandler' driver.
DEBUG - 2025-03-08 13:12:49 --> Session: Class initialized using 'CodeIgniter\Session\Handlers\FileHandler' driver.
DEBUG - 2025-03-08 13:12:50 --> Session: Class initialized using 'CodeIgniter\Session\Handlers\FileHandler' driver.
DEBUG - 2025-03-08 13:12:53 --> Session: Class initialized using 'CodeIgniter\Session\Handlers\FileHandler' driver.
DEBUG - 2025-03-08 13:12:54 --> Session: Class initialized using 'CodeIgniter\Session\Handlers\FileHandler' driver.
DEBUG - 2025-03-08 13:13:12 --> Session: Class initialized using 'CodeIgniter\Session\Handlers\FileHandler' driver.
DEBUG - 2025-03-08 13:15:20 --> Session: Class initialized using 'CodeIgniter\Session\Handlers\FileHandler' driver.
DEBUG - 2025-03-08 13:15:20 --> Session: Class initialized using 'CodeIgniter\Session\Handlers\FileHandler' driver.
DEBUG - 2025-03-08 13:15:22 --> Session: Class initialized using 'CodeIgniter\Session\Handlers\FileHandler' driver.
DEBUG - 2025-03-08 13:15:22 --> Google redirect URI: https://muster.vn/google-callback
DEBUG - 2025-03-08 13:15:56 --> Session: Class initialized using 'CodeIgniter\Session\Handlers\FileHandler' driver.
DEBUG - 2025-03-08 13:15:56 --> Session: Class initialized using 'CodeIgniter\Session\Handlers\FileHandler' driver.
DEBUG - 2025-03-08 13:15:58 --> Session: Class initialized using 'CodeIgniter\Session\Handlers\FileHandler' driver.
DEBUG - 2025-03-08 13:15:58 --> Google redirect URI: https://muster.vn/google-callback
DEBUG - 2025-03-08 13:16:29 --> Session: Class initialized using 'CodeIgniter\Session\Handlers\FileHandler' driver.
DEBUG - 2025-03-08 13:16:29 --> Session: Class initialized using 'CodeIgniter\Session\Handlers\FileHandler' driver.
DEBUG - 2025-03-08 13:16:32 --> Session: Class initialized using 'CodeIgniter\Session\Handlers\FileHandler' driver.
DEBUG - 2025-03-08 13:16:32 --> Session: Class initialized using 'CodeIgniter\Session\Handlers\FileHandler' driver.
DEBUG - 2025-03-08 13:16:33 --> Session: Class initialized using 'CodeIgniter\Session\Handlers\FileHandler' driver.
DEBUG - 2025-03-08 13:16:33 --> Google redirect URI: https://muster.vn/google-callback
DEBUG - 2025-03-08 13:16:36 --> Session: Class initialized using 'CodeIgniter\Session\Handlers\FileHandler' driver.
DEBUG - 2025-03-08 13:16:37 --> Session: Class initialized using 'CodeIgniter\Session\Handlers\FileHandler' driver.
DEBUG - 2025-03-08 13:17:34 --> Session: Class initialized using 'CodeIgniter\Session\Handlers\FileHandler' driver.
DEBUG - 2025-03-08 13:17:34 --> Session: Class initialized using 'CodeIgniter\Session\Handlers\FileHandler' driver.
DEBUG - 2025-03-08 13:17:36 --> Session: Class initialized using 'CodeIgniter\Session\Handlers\FileHandler' driver.
DEBUG - 2025-03-08 13:17:36 --> Google redirect URI: https://muster.vn/google-callback
DEBUG - 2025-03-08 13:17:40 --> Session: Class initialized using 'CodeIgniter\Session\Handlers\FileHandler' driver.
DEBUG - 2025-03-08 13:17:40 --> Session: Class initialized using 'CodeIgniter\Session\Handlers\FileHandler' driver.
DEBUG - 2025-03-08 13:22:37 --> Session: Class initialized using 'CodeIgniter\Session\Handlers\FileHandler' driver.
DEBUG - 2025-03-08 13:22:37 --> Google redirect URI: https://muster.vn/google-callback
DEBUG - 2025-03-08 13:22:41 --> Session: Class initialized using 'CodeIgniter\Session\Handlers\FileHandler' driver.
DEBUG - 2025-03-08 13:22:41 --> Session: Class initialized using 'CodeIgniter\Session\Handlers\FileHandler' driver.
DEBUG - 2025-03-08 13:22:57 --> Session: Class initialized using 'CodeIgniter\Session\Handlers\FileHandler' driver.
DEBUG - 2025-03-08 13:22:57 --> Session: Class initialized using 'CodeIgniter\Session\Handlers\FileHandler' driver.
DEBUG - 2025-03-08 13:23:12 --> Session: Class initialized using 'CodeIgniter\Session\Handlers\FileHandler' driver.
DEBUG - 2025-03-08 13:23:12 --> Google redirect URI: https://muster.vn/google-callback
DEBUG - 2025-03-08 13:23:57 --> Session: Class initialized using 'CodeIgniter\Session\Handlers\FileHandler' driver.
DEBUG - 2025-03-08 13:23:57 --> Session: Class initialized using 'CodeIgniter\Session\Handlers\FileHandler' driver.
DEBUG - 2025-03-08 13:25:59 --> Session: Class initialized using 'CodeIgniter\Session\Handlers\FileHandler' driver.
DEBUG - 2025-03-08 13:26:00 --> Session: Class initialized using 'CodeIgniter\Session\Handlers\FileHandler' driver.
DEBUG - 2025-03-08 13:26:13 --> Session: Class initialized using 'CodeIgniter\Session\Handlers\FileHandler' driver.
DEBUG - 2025-03-08 13:26:13 --> Session: Class initialized using 'CodeIgniter\Session\Handlers\FileHandler' driver.
DEBUG - 2025-03-08 13:26:15 --> Session: Class initialized using 'CodeIgniter\Session\Handlers\FileHandler' driver.
DEBUG - 2025-03-08 13:26:15 --> Google redirect URI: https://muster.vn/google-callback
DEBUG - 2025-03-08 13:26:15 --> Session: Class initialized using 'CodeIgniter\Session\Handlers\FileHandler' driver.
DEBUG - 2025-03-08 13:26:15 --> Google redirect URI: https://muster.vn/google-callback
ERROR - 2025-03-08 13:26:16 --> mysqli_sql_exception: Unknown column 'email' in 'where clause' in D:\www\codeigniter46\system\Database\MySQLi\Connection.php:327
Stack trace:
#0 D:\www\codeigniter46\system\Database\MySQLi\Connection.php(327): mysqli->query('SELECT *\nFROM `...', 0)
#1 D:\www\codeigniter46\system\Database\BaseConnection.php(738): CodeIgniter\Database\MySQLi\Connection->execute('SELECT *\nFROM `...')
#2 D:\www\codeigniter46\system\Database\BaseConnection.php(652): CodeIgniter\Database\BaseConnection->simpleQuery('SELECT *\nFROM `...')
#3 D:\www\codeigniter46\system\Database\BaseBuilder.php(1649): CodeIgniter\Database\BaseConnection->query('SELECT *\nFROM `...', Array, false)
#4 D:\www\codeigniter46\system\Model.php(330): CodeIgniter\Database\BaseBuilder->get()
#5 D:\www\codeigniter46\system\BaseModel.php(713): CodeIgniter\Model->doFirst()
#6 D:\www\codeigniter46\app\Controllers\GoogleAuthController.php(104): CodeIgniter\BaseModel->first()
#7 D:\www\codeigniter46\app\Controllers\GoogleAuthController.php(61): App\Controllers\GoogleAuthController->authenticateGoogleUser(Object(Google\Service\Oauth2\Userinfo))
#8 D:\www\codeigniter46\system\CodeIgniter.php(933): App\Controllers\GoogleAuthController->callback()
#9 D:\www\codeigniter46\system\CodeIgniter.php(507): CodeIgniter\CodeIgniter->runController(Object(App\Controllers\GoogleAuthController))
#10 D:\www\codeigniter46\system\CodeIgniter.php(354): CodeIgniter\CodeIgniter->handleRequest(NULL, Object(Config\Cache), false)
#11 D:\www\codeigniter46\system\Boot.php(334): CodeIgniter\CodeIgniter->run()
#12 D:\www\codeigniter46\system\Boot.php(67): CodeIgniter\Boot::runCodeIgniter(Object(CodeIgniter\CodeIgniter))
#13 D:\www\codeigniter46\public\index.php(56): CodeIgniter\Boot::bootWeb(Object(Config\Paths))
#14 {main}
ERROR - 2025-03-08 13:26:16 --> Google callback error: Unknown column 'email' in 'where clause'
DEBUG - 2025-03-08 13:26:16 --> Session: Class initialized using 'CodeIgniter\Session\Handlers\FileHandler' driver.
DEBUG - 2025-03-08 13:26:16 --> Session: Class initialized using 'CodeIgniter\Session\Handlers\FileHandler' driver.
DEBUG - 2025-03-08 13:28:45 --> Session: Class initialized using 'CodeIgniter\Session\Handlers\FileHandler' driver.
DEBUG - 2025-03-08 13:28:45 --> Google redirect URI: https://muster.vn/google-callback
DEBUG - 2025-03-08 13:28:49 --> Session: Class initialized using 'CodeIgniter\Session\Handlers\FileHandler' driver.
DEBUG - 2025-03-08 13:28:49 --> Google redirect URI: https://muster.vn/google-callback
ERROR - 2025-03-08 13:28:49 --> mysqli_sql_exception: Unknown column 'email' in 'where clause' in D:\www\codeigniter46\system\Database\MySQLi\Connection.php:327
Stack trace:
#0 D:\www\codeigniter46\system\Database\MySQLi\Connection.php(327): mysqli->query('SELECT *\nFROM `...', 0)
#1 D:\www\codeigniter46\system\Database\BaseConnection.php(738): CodeIgniter\Database\MySQLi\Connection->execute('SELECT *\nFROM `...')
#2 D:\www\codeigniter46\system\Database\BaseConnection.php(652): CodeIgniter\Database\BaseConnection->simpleQuery('SELECT *\nFROM `...')
#3 D:\www\codeigniter46\system\Database\BaseBuilder.php(1649): CodeIgniter\Database\BaseConnection->query('SELECT *\nFROM `...', Array, false)
#4 D:\www\codeigniter46\system\Model.php(330): CodeIgniter\Database\BaseBuilder->get()
#5 D:\www\codeigniter46\system\BaseModel.php(713): CodeIgniter\Model->doFirst()
#6 D:\www\codeigniter46\app\Controllers\GoogleAuthController.php(107): CodeIgniter\BaseModel->first()
#7 D:\www\codeigniter46\app\Controllers\GoogleAuthController.php(61): App\Controllers\GoogleAuthController->authenticateGoogleUser(Object(Google\Service\Oauth2\Userinfo))
#8 D:\www\codeigniter46\system\CodeIgniter.php(933): App\Controllers\GoogleAuthController->callback()
#9 D:\www\codeigniter46\system\CodeIgniter.php(507): CodeIgniter\CodeIgniter->runController(Object(App\Controllers\GoogleAuthController))
#10 D:\www\codeigniter46\system\CodeIgniter.php(354): CodeIgniter\CodeIgniter->handleRequest(NULL, Object(Config\Cache), false)
#11 D:\www\codeigniter46\system\Boot.php(334): CodeIgniter\CodeIgniter->run()
#12 D:\www\codeigniter46\system\Boot.php(67): CodeIgniter\Boot::runCodeIgniter(Object(CodeIgniter\CodeIgniter))
#13 D:\www\codeigniter46\public\index.php(56): CodeIgniter\Boot::bootWeb(Object(Config\Paths))
#14 {main}
ERROR - 2025-03-08 13:28:49 --> Google callback error: Unknown column 'email' in 'where clause'
DEBUG - 2025-03-08 13:28:49 --> Session: Class initialized using 'CodeIgniter\Session\Handlers\FileHandler' driver.
DEBUG - 2025-03-08 13:28:50 --> Session: Class initialized using 'CodeIgniter\Session\Handlers\FileHandler' driver.
DEBUG - 2025-03-08 13:29:48 --> Session: Class initialized using 'CodeIgniter\Session\Handlers\FileHandler' driver.
DEBUG - 2025-03-08 13:29:49 --> Session: Class initialized using 'CodeIgniter\Session\Handlers\FileHandler' driver.
DEBUG - 2025-03-08 13:29:50 --> Session: Class initialized using 'CodeIgniter\Session\Handlers\FileHandler' driver.
DEBUG - 2025-03-08 13:29:50 --> Google redirect URI: https://muster.vn/google-callback
DEBUG - 2025-03-08 13:29:56 --> Session: Class initialized using 'CodeIgniter\Session\Handlers\FileHandler' driver.
DEBUG - 2025-03-08 13:29:56 --> Google redirect URI: https://muster.vn/google-callback
DEBUG - 2025-03-08 13:29:56 --> Session: Class initialized using 'CodeIgniter\Session\Handlers\FileHandler' driver.
DEBUG - 2025-03-08 13:29:57 --> Session: Class initialized using 'CodeIgniter\Session\Handlers\FileHandler' driver.
DEBUG - 2025-03-08 13:31:48 --> Session: Class initialized using 'CodeIgniter\Session\Handlers\FileHandler' driver.
DEBUG - 2025-03-08 13:31:48 --> Session: Class initialized using 'CodeIgniter\Session\Handlers\FileHandler' driver.
